{
  "stats": {
    "suites": 1,
    "tests": 1,
    "passes": 1,
    "pending": 0,
    "failures": 0,
    "start": "2026-02-14T01:42:39.905Z",
    "end": "2026-02-14T01:42:56.937Z",
    "duration": 17032,
    "testsRegistered": 1,
    "passPercent": 100,
    "pendingPercent": 0,
    "other": 0,
    "hasOther": false,
    "skipped": 0,
    "hasSkipped": false
  },
  "results": [
    {
      "uuid": "964014a4-febe-42be-85ec-acdb7a0b498c",
      "title": "",
      "fullFile": "cypress\\e2e\\automation-test-store\\add-multiple-itens-to-basket.js",
      "file": "cypress\\e2e\\automation-test-store\\add-multiple-itens-to-basket.js",
      "beforeHooks": [],
      "afterHooks": [],
      "tests": [],
      "suites": [
        {
          "uuid": "81e81e74-b849-48db-98cb-36f81f1d1051",
          "title": "Add multiple itens to basket",
          "fullFile": "",
          "file": "",
          "beforeHooks": [],
          "afterHooks": [],
          "tests": [
            {
              "title": "Add specific itens to basket",
              "fullTitle": "Add multiple itens to basket Add specific itens to basket",
              "timedOut": null,
              "duration": 12876,
              "state": "passed",
              "speed": "slow",
              "pass": true,
              "fail": false,
              "pending": false,
              "context": null,
              "code": "autoStore_Haircare.addHairCareProductsToBasket();",
              "err": {},
              "uuid": "6f70bdb4-412d-456d-aa02-339351a35d44",
              "parentUUID": "81e81e74-b849-48db-98cb-36f81f1d1051",
              "isHook": false,
              "skipped": false
            }
          ],
          "suites": [],
          "passes": [
            "6f70bdb4-412d-456d-aa02-339351a35d44"
          ],
          "failures": [],
          "pending": [],
          "skipped": [],
          "duration": 12876,
          "root": false,
          "rootEmpty": false,
          "_timeout": 2000
        }
      ],
      "passes": [],
      "failures": [],
      "pending": [],
      "skipped": [],
      "duration": 0,
      "root": true,
      "rootEmpty": true,
      "_timeout": 2000
    }
  ],
  "meta": {
    "mocha": {
      "version": "7.2.0"
    },
    "mochawesome": {
      "options": {
        "quiet": false,
        "reportFilename": "mochawesome",
        "saveHtml": false,
        "saveJson": true,
        "consoleReporter": "spec",
        "useInlineDiffs": false,
        "code": true
      },
      "version": "7.1.4"
    },
    "marge": {
      "options": {
        "id": "default",
        "reportDir": "cypress/results/mochawesome",
        "quite": true,
        "overwrite": false,
        "html": false,
        "json": true
      },
      "version": "6.3.2"
    }
  }
}