{
  "stats": {
    "suites": 1,
    "tests": 3,
    "passes": 3,
    "pending": 0,
    "failures": 0,
    "start": "2026-02-14T01:49:13.828Z",
    "end": "2026-02-14T01:49:45.999Z",
    "duration": 32171,
    "testsRegistered": 3,
    "passPercent": 100,
    "pendingPercent": 0,
    "other": 0,
    "hasOther": false,
    "skipped": 0,
    "hasSkipped": false
  },
  "results": [
    {
      "uuid": "1146a755-7712-4a66-a02c-97b9b296ac37",
      "title": "",
      "fullFile": "cypress\\e2e\\automation-test-store\\inspect-item.js",
      "file": "cypress\\e2e\\automation-test-store\\inspect-item.js",
      "beforeHooks": [],
      "afterHooks": [],
      "tests": [],
      "suites": [
        {
          "uuid": "88317396-ff9f-4e5a-8c65-1638a5fca5cc",
          "title": "Inspect Automation Test Store items using chain of commands",
          "fullFile": "",
          "file": "",
          "beforeHooks": [],
          "afterHooks": [],
          "tests": [
            {
              "title": "Click on the first item using the item header",
              "fullTitle": "Inspect Automation Test Store items using chain of commands Click on the first item using the item header",
              "timedOut": null,
              "duration": 9308,
              "state": "passed",
              "speed": "medium",
              "pass": true,
              "fail": false,
              "pending": false,
              "context": null,
              "code": "cy.visit(\"https://www.automationteststore.com/\");\ncy.get(\"#block_frame_featured_1769 > .thumbnails > :nth-child(1) > .fixed_wrapper > .fixed > .prdocutname\").click();",
              "err": {},
              "uuid": "6924d3c3-2b21-4da6-aa42-ce3898b0beb1",
              "parentUUID": "88317396-ff9f-4e5a-8c65-1638a5fca5cc",
              "isHook": false,
              "skipped": false
            },
            {
              "title": "Click on the first item using item text",
              "fullTitle": "Inspect Automation Test Store items using chain of commands Click on the first item using item text",
              "timedOut": null,
              "duration": 9522,
              "state": "passed",
              "speed": "medium",
              "pass": true,
              "fail": false,
              "pending": false,
              "context": null,
              "code": "cy.visit(\"https://www.automationteststore.com/\");\ncy.get(\".prdocutname\").contains(\"Skinsheen Bronzer Stick\").click().then(function (itemHeaderText) {\n  console.log(\"Selected the following item: \", itemHeaderText.text());\n});",
              "err": {},
              "uuid": "e06b8424-fd5a-49a9-9a03-87526ab5c6c6",
              "parentUUID": "88317396-ff9f-4e5a-8c65-1638a5fca5cc",
              "isHook": false,
              "skipped": false
            },
            {
              "title": "Click on the first item using index",
              "fullTitle": "Inspect Automation Test Store items using chain of commands Click on the first item using index",
              "timedOut": null,
              "duration": 9289,
              "state": "passed",
              "speed": "medium",
              "pass": true,
              "fail": false,
              "pending": false,
              "context": null,
              "code": "cy.visit(\"https://www.automationteststore.com/\");\ncy.get(\".fixed_wrapper\").find(\".prdocutname\").eq(0).click();",
              "err": {},
              "uuid": "90e24b7d-4a86-40a4-9528-a0e4d18b932a",
              "parentUUID": "88317396-ff9f-4e5a-8c65-1638a5fca5cc",
              "isHook": false,
              "skipped": false
            }
          ],
          "suites": [],
          "passes": [
            "6924d3c3-2b21-4da6-aa42-ce3898b0beb1",
            "e06b8424-fd5a-49a9-9a03-87526ab5c6c6",
            "90e24b7d-4a86-40a4-9528-a0e4d18b932a"
          ],
          "failures": [],
          "pending": [],
          "skipped": [],
          "duration": 28119,
          "root": false,
          "rootEmpty": false,
          "_timeout": 2000
        }
      ],
      "passes": [],
      "failures": [],
      "pending": [],
      "skipped": [],
      "duration": 0,
      "root": true,
      "rootEmpty": true,
      "_timeout": 2000
    }
  ],
  "meta": {
    "mocha": {
      "version": "7.2.0"
    },
    "mochawesome": {
      "options": {
        "quiet": false,
        "reportFilename": "mochawesome",
        "saveHtml": false,
        "saveJson": true,
        "consoleReporter": "spec",
        "useInlineDiffs": false,
        "code": true
      },
      "version": "7.1.4"
    },
    "marge": {
      "options": {
        "id": "default",
        "reportDir": "cypress/results/mochawesome",
        "quite": true,
        "overwrite": false,
        "html": false,
        "json": true
      },
      "version": "6.3.2"
    }
  }
}