{
  "stats": {
    "suites": 1,
    "tests": 1,
    "passes": 1,
    "pending": 0,
    "failures": 0,
    "start": "2026-02-14T01:48:04.738Z",
    "end": "2026-02-14T01:48:20.861Z",
    "duration": 16123,
    "testsRegistered": 1,
    "passPercent": 100,
    "pendingPercent": 0,
    "other": 0,
    "hasOther": false,
    "skipped": 0,
    "hasSkipped": false
  },
  "results": [
    {
      "uuid": "4fcf9bb9-bc37-4c3c-a22a-df37a2214ffb",
      "title": "",
      "fullFile": "cypress\\e2e\\automation-test-store\\add-multiple-itens-to-basket.js",
      "file": "cypress\\e2e\\automation-test-store\\add-multiple-itens-to-basket.js",
      "beforeHooks": [],
      "afterHooks": [],
      "tests": [],
      "suites": [
        {
          "uuid": "2ae97957-52e0-46e9-bef9-6cffc859b597",
          "title": "Add multiple itens to basket",
          "fullFile": "",
          "file": "",
          "beforeHooks": [],
          "afterHooks": [],
          "tests": [
            {
              "title": "Add specific itens to basket",
              "fullTitle": "Add multiple itens to basket Add specific itens to basket",
              "timedOut": null,
              "duration": 12162,
              "state": "passed",
              "speed": "slow",
              "pass": true,
              "fail": false,
              "pending": false,
              "context": null,
              "code": "autoStore_Haircare.addHairCareProductsToBasket();",
              "err": {},
              "uuid": "ca7ed4fe-4b2c-4a39-b7f3-6949f8663e78",
              "parentUUID": "2ae97957-52e0-46e9-bef9-6cffc859b597",
              "isHook": false,
              "skipped": false
            }
          ],
          "suites": [],
          "passes": [
            "ca7ed4fe-4b2c-4a39-b7f3-6949f8663e78"
          ],
          "failures": [],
          "pending": [],
          "skipped": [],
          "duration": 12162,
          "root": false,
          "rootEmpty": false,
          "_timeout": 2000
        }
      ],
      "passes": [],
      "failures": [],
      "pending": [],
      "skipped": [],
      "duration": 0,
      "root": true,
      "rootEmpty": true,
      "_timeout": 2000
    }
  ],
  "meta": {
    "mocha": {
      "version": "7.2.0"
    },
    "mochawesome": {
      "options": {
        "quiet": false,
        "reportFilename": "mochawesome",
        "saveHtml": false,
        "saveJson": true,
        "consoleReporter": "spec",
        "useInlineDiffs": false,
        "code": true
      },
      "version": "7.1.4"
    },
    "marge": {
      "options": {
        "id": "default",
        "reportDir": "cypress/results/mochawesome",
        "quite": true,
        "overwrite": false,
        "html": false,
        "json": true
      },
      "version": "6.3.2"
    }
  }
}